Performing C SOURCE FILE Test CMAKE_HAVE_LIBC_PTHREAD failed with the following output:
Change Dir: /home/bjorn/Thesis/Ichor/bin/CMakeFiles/CMakeTmp

Run Build Command(s):/usr/bin/make cmTC_de700/fast && /usr/bin/make -f CMakeFiles/cmTC_de700.dir/build.make CMakeFiles/cmTC_de700.dir/build
make[1]: Entering directory '/home/bjorn/Thesis/Ichor/bin/CMakeFiles/CMakeTmp'
Building C object CMakeFiles/cmTC_de700.dir/src.c.o
/usr/bin/cc   -DCMAKE_HAVE_LIBC_PTHREAD   -o CMakeFiles/cmTC_de700.dir/src.c.o   -c /home/bjorn/Thesis/Ichor/bin/CMakeFiles/CMakeTmp/src.c
Linking C executable cmTC_de700
/usr/bin/cmake -E cmake_link_script CMakeFiles/cmTC_de700.dir/link.txt --verbose=1
/usr/bin/cc  -DCMAKE_HAVE_LIBC_PTHREAD  -no-pie  CMakeFiles/cmTC_de700.dir/src.c.o  -o cmTC_de700 
/usr/bin/ld: CMakeFiles/cmTC_de700.dir/src.c.o: in function `main':
src.c:(.text+0x46): undefined reference to `pthread_create'
/usr/bin/ld: src.c:(.text+0x52): undefined reference to `pthread_detach'
/usr/bin/ld: src.c:(.text+0x63): undefined reference to `pthread_join'
collect2: error: ld returned 1 exit status
make[1]: *** [CMakeFiles/cmTC_de700.dir/build.make:87: cmTC_de700] Error 1
make[1]: Leaving directory '/home/bjorn/Thesis/Ichor/bin/CMakeFiles/CMakeTmp'
make: *** [Makefile:121: cmTC_de700/fast] Error 2


Source file was:
#include <pthread.h>

void* test_func(void* data)
{
  return data;
}

int main(void)
{
  pthread_t thread;
  pthread_create(&thread, NULL, test_func, NULL);
  pthread_detach(thread);
  pthread_join(thread, NULL);
  pthread_atfork(NULL, NULL, NULL);
  pthread_exit(NULL);

  return 0;
}

Determining if the function pthread_create exists in the pthreads failed with the following output:
Change Dir: /home/bjorn/Thesis/Ichor/bin/CMakeFiles/CMakeTmp

Run Build Command(s):/usr/bin/make cmTC_47db1/fast && /usr/bin/make -f CMakeFiles/cmTC_47db1.dir/build.make CMakeFiles/cmTC_47db1.dir/build
make[1]: Entering directory '/home/bjorn/Thesis/Ichor/bin/CMakeFiles/CMakeTmp'
Building C object CMakeFiles/cmTC_47db1.dir/CheckFunctionExists.c.o
/usr/bin/cc   -DCHECK_FUNCTION_EXISTS=pthread_create   -o CMakeFiles/cmTC_47db1.dir/CheckFunctionExists.c.o   -c /usr/share/cmake-3.16/Modules/CheckFunctionExists.c
Linking C executable cmTC_47db1
/usr/bin/cmake -E cmake_link_script CMakeFiles/cmTC_47db1.dir/link.txt --verbose=1
/usr/bin/cc  -DCHECK_FUNCTION_EXISTS=pthread_create  -no-pie  CMakeFiles/cmTC_47db1.dir/CheckFunctionExists.c.o  -o cmTC_47db1  -lpthreads 
/usr/bin/ld: cannot find -lpthreads
collect2: error: ld returned 1 exit status
make[1]: *** [CMakeFiles/cmTC_47db1.dir/build.make:87: cmTC_47db1] Error 1
make[1]: Leaving directory '/home/bjorn/Thesis/Ichor/bin/CMakeFiles/CMakeTmp'
make: *** [Makefile:121: cmTC_47db1/fast] Error 2



Performing C SOURCE FILE Test CMAKE_HAVE_LIBC_PTHREAD failed with the following output:
Change Dir: /home/bjorn/Thesis/Ichor/bin/CMakeFiles/CMakeTmp

Run Build Command(s):/usr/bin/make cmTC_77fa7/fast && /usr/bin/make -f CMakeFiles/cmTC_77fa7.dir/build.make CMakeFiles/cmTC_77fa7.dir/build
make[1]: Entering directory '/home/bjorn/Thesis/Ichor/bin/CMakeFiles/CMakeTmp'
Building C object CMakeFiles/cmTC_77fa7.dir/src.c.o
/usr/bin/cc   -DCMAKE_HAVE_LIBC_PTHREAD   -o CMakeFiles/cmTC_77fa7.dir/src.c.o   -c /home/bjorn/Thesis/Ichor/bin/CMakeFiles/CMakeTmp/src.c
Linking C executable cmTC_77fa7
/usr/bin/cmake -E cmake_link_script CMakeFiles/cmTC_77fa7.dir/link.txt --verbose=1
/usr/bin/cc  -DCMAKE_HAVE_LIBC_PTHREAD  -no-pie  CMakeFiles/cmTC_77fa7.dir/src.c.o  -o cmTC_77fa7 
/usr/bin/ld: CMakeFiles/cmTC_77fa7.dir/src.c.o: in function `main':
src.c:(.text+0x46): undefined reference to `pthread_create'
/usr/bin/ld: src.c:(.text+0x52): undefined reference to `pthread_detach'
/usr/bin/ld: src.c:(.text+0x63): undefined reference to `pthread_join'
collect2: error: ld returned 1 exit status
make[1]: *** [CMakeFiles/cmTC_77fa7.dir/build.make:87: cmTC_77fa7] Error 1
make[1]: Leaving directory '/home/bjorn/Thesis/Ichor/bin/CMakeFiles/CMakeTmp'
make: *** [Makefile:121: cmTC_77fa7/fast] Error 2


Source file was:
#include <pthread.h>

void* test_func(void* data)
{
  return data;
}

int main(void)
{
  pthread_t thread;
  pthread_create(&thread, NULL, test_func, NULL);
  pthread_detach(thread);
  pthread_join(thread, NULL);
  pthread_atfork(NULL, NULL, NULL);
  pthread_exit(NULL);

  return 0;
}

Determining if the function pthread_create exists in the pthreads failed with the following output:
Change Dir: /home/bjorn/Thesis/Ichor/bin/CMakeFiles/CMakeTmp

Run Build Command(s):/usr/bin/make cmTC_0f665/fast && /usr/bin/make -f CMakeFiles/cmTC_0f665.dir/build.make CMakeFiles/cmTC_0f665.dir/build
make[1]: Entering directory '/home/bjorn/Thesis/Ichor/bin/CMakeFiles/CMakeTmp'
Building C object CMakeFiles/cmTC_0f665.dir/CheckFunctionExists.c.o
/usr/bin/cc   -DCHECK_FUNCTION_EXISTS=pthread_create   -o CMakeFiles/cmTC_0f665.dir/CheckFunctionExists.c.o   -c /usr/share/cmake-3.16/Modules/CheckFunctionExists.c
Linking C executable cmTC_0f665
/usr/bin/cmake -E cmake_link_script CMakeFiles/cmTC_0f665.dir/link.txt --verbose=1
/usr/bin/cc  -DCHECK_FUNCTION_EXISTS=pthread_create  -no-pie  CMakeFiles/cmTC_0f665.dir/CheckFunctionExists.c.o  -o cmTC_0f665  -lpthreads 
/usr/bin/ld: cannot find -lpthreads
collect2: error: ld returned 1 exit status
make[1]: *** [CMakeFiles/cmTC_0f665.dir/build.make:87: cmTC_0f665] Error 1
make[1]: Leaving directory '/home/bjorn/Thesis/Ichor/bin/CMakeFiles/CMakeTmp'
make: *** [Makefile:121: cmTC_0f665/fast] Error 2



Performing C SOURCE FILE Test CMAKE_HAVE_LIBC_PTHREAD failed with the following output:
Change Dir: /home/bjorn/Thesis/git_repo/Ichor/bin/CMakeFiles/CMakeTmp

Run Build Command(s):/usr/bin/make cmTC_e8d32/fast && /usr/bin/make -f CMakeFiles/cmTC_e8d32.dir/build.make CMakeFiles/cmTC_e8d32.dir/build
make[1]: Entering directory '/home/bjorn/Thesis/git_repo/Ichor/bin/CMakeFiles/CMakeTmp'
Building C object CMakeFiles/cmTC_e8d32.dir/src.c.o
/usr/bin/cc   -DCMAKE_HAVE_LIBC_PTHREAD   -o CMakeFiles/cmTC_e8d32.dir/src.c.o   -c /home/bjorn/Thesis/git_repo/Ichor/bin/CMakeFiles/CMakeTmp/src.c
Linking C executable cmTC_e8d32
/usr/bin/cmake -E cmake_link_script CMakeFiles/cmTC_e8d32.dir/link.txt --verbose=1
/usr/bin/cc  -DCMAKE_HAVE_LIBC_PTHREAD  -no-pie  CMakeFiles/cmTC_e8d32.dir/src.c.o  -o cmTC_e8d32 
/usr/bin/ld: CMakeFiles/cmTC_e8d32.dir/src.c.o: in function `main':
src.c:(.text+0x46): undefined reference to `pthread_create'
/usr/bin/ld: src.c:(.text+0x52): undefined reference to `pthread_detach'
/usr/bin/ld: src.c:(.text+0x63): undefined reference to `pthread_join'
collect2: error: ld returned 1 exit status
make[1]: *** [CMakeFiles/cmTC_e8d32.dir/build.make:87: cmTC_e8d32] Error 1
make[1]: Leaving directory '/home/bjorn/Thesis/git_repo/Ichor/bin/CMakeFiles/CMakeTmp'
make: *** [Makefile:121: cmTC_e8d32/fast] Error 2


Source file was:
#include <pthread.h>

void* test_func(void* data)
{
  return data;
}

int main(void)
{
  pthread_t thread;
  pthread_create(&thread, NULL, test_func, NULL);
  pthread_detach(thread);
  pthread_join(thread, NULL);
  pthread_atfork(NULL, NULL, NULL);
  pthread_exit(NULL);

  return 0;
}

Determining if the function pthread_create exists in the pthreads failed with the following output:
Change Dir: /home/bjorn/Thesis/git_repo/Ichor/bin/CMakeFiles/CMakeTmp

Run Build Command(s):/usr/bin/make cmTC_2d835/fast && /usr/bin/make -f CMakeFiles/cmTC_2d835.dir/build.make CMakeFiles/cmTC_2d835.dir/build
make[1]: Entering directory '/home/bjorn/Thesis/git_repo/Ichor/bin/CMakeFiles/CMakeTmp'
Building C object CMakeFiles/cmTC_2d835.dir/CheckFunctionExists.c.o
/usr/bin/cc   -DCHECK_FUNCTION_EXISTS=pthread_create   -o CMakeFiles/cmTC_2d835.dir/CheckFunctionExists.c.o   -c /usr/share/cmake-3.16/Modules/CheckFunctionExists.c
Linking C executable cmTC_2d835
/usr/bin/cmake -E cmake_link_script CMakeFiles/cmTC_2d835.dir/link.txt --verbose=1
/usr/bin/cc  -DCHECK_FUNCTION_EXISTS=pthread_create  -no-pie  CMakeFiles/cmTC_2d835.dir/CheckFunctionExists.c.o  -o cmTC_2d835  -lpthreads 
/usr/bin/ld: cannot find -lpthreads
collect2: error: ld returned 1 exit status
make[1]: *** [CMakeFiles/cmTC_2d835.dir/build.make:87: cmTC_2d835] Error 1
make[1]: Leaving directory '/home/bjorn/Thesis/git_repo/Ichor/bin/CMakeFiles/CMakeTmp'
make: *** [Makefile:121: cmTC_2d835/fast] Error 2



Performing C SOURCE FILE Test CMAKE_HAVE_LIBC_PTHREAD failed with the following output:
Change Dir: /home/bjorn/Thesis/git_repo/Ichor/bin/CMakeFiles/CMakeTmp

Run Build Command(s):/usr/bin/make cmTC_4d5d6/fast && make[1]: Entering directory '/home/bjorn/Thesis/git_repo/Ichor/bin/CMakeFiles/CMakeTmp'
/usr/bin/make -f CMakeFiles/cmTC_4d5d6.dir/build.make CMakeFiles/cmTC_4d5d6.dir/build
make[2]: Entering directory '/home/bjorn/Thesis/git_repo/Ichor/bin/CMakeFiles/CMakeTmp'
Building C object CMakeFiles/cmTC_4d5d6.dir/src.c.o
/usr/bin/cc   -DCMAKE_HAVE_LIBC_PTHREAD   -o CMakeFiles/cmTC_4d5d6.dir/src.c.o   -c /home/bjorn/Thesis/git_repo/Ichor/bin/CMakeFiles/CMakeTmp/src.c
Linking C executable cmTC_4d5d6
/usr/bin/cmake -E cmake_link_script CMakeFiles/cmTC_4d5d6.dir/link.txt --verbose=1
/usr/bin/cc  -DCMAKE_HAVE_LIBC_PTHREAD  -no-pie  CMakeFiles/cmTC_4d5d6.dir/src.c.o  -o cmTC_4d5d6 
/usr/bin/ld: CMakeFiles/cmTC_4d5d6.dir/src.c.o: in function `main':
src.c:(.text+0x46): undefined reference to `pthread_create'
/usr/bin/ld: src.c:(.text+0x52): undefined reference to `pthread_detach'
/usr/bin/ld: src.c:(.text+0x63): undefined reference to `pthread_join'
collect2: error: ld returned 1 exit status
make[2]: *** [CMakeFiles/cmTC_4d5d6.dir/build.make:87: cmTC_4d5d6] Error 1
make[2]: Leaving directory '/home/bjorn/Thesis/git_repo/Ichor/bin/CMakeFiles/CMakeTmp'
make[1]: *** [Makefile:121: cmTC_4d5d6/fast] Error 2
make[1]: Leaving directory '/home/bjorn/Thesis/git_repo/Ichor/bin/CMakeFiles/CMakeTmp'


Source file was:
#include <pthread.h>

void* test_func(void* data)
{
  return data;
}

int main(void)
{
  pthread_t thread;
  pthread_create(&thread, NULL, test_func, NULL);
  pthread_detach(thread);
  pthread_join(thread, NULL);
  pthread_atfork(NULL, NULL, NULL);
  pthread_exit(NULL);

  return 0;
}

Determining if the function pthread_create exists in the pthreads failed with the following output:
Change Dir: /home/bjorn/Thesis/git_repo/Ichor/bin/CMakeFiles/CMakeTmp

Run Build Command(s):/usr/bin/make cmTC_8fa5c/fast && make[1]: Entering directory '/home/bjorn/Thesis/git_repo/Ichor/bin/CMakeFiles/CMakeTmp'
/usr/bin/make -f CMakeFiles/cmTC_8fa5c.dir/build.make CMakeFiles/cmTC_8fa5c.dir/build
make[2]: Entering directory '/home/bjorn/Thesis/git_repo/Ichor/bin/CMakeFiles/CMakeTmp'
Building C object CMakeFiles/cmTC_8fa5c.dir/CheckFunctionExists.c.o
/usr/bin/cc   -DCHECK_FUNCTION_EXISTS=pthread_create   -o CMakeFiles/cmTC_8fa5c.dir/CheckFunctionExists.c.o   -c /usr/share/cmake-3.16/Modules/CheckFunctionExists.c
Linking C executable cmTC_8fa5c
/usr/bin/cmake -E cmake_link_script CMakeFiles/cmTC_8fa5c.dir/link.txt --verbose=1
/usr/bin/cc  -DCHECK_FUNCTION_EXISTS=pthread_create  -no-pie  CMakeFiles/cmTC_8fa5c.dir/CheckFunctionExists.c.o  -o cmTC_8fa5c  -lpthreads 
/usr/bin/ld: cannot find -lpthreads
collect2: error: ld returned 1 exit status
make[2]: *** [CMakeFiles/cmTC_8fa5c.dir/build.make:87: cmTC_8fa5c] Error 1
make[2]: Leaving directory '/home/bjorn/Thesis/git_repo/Ichor/bin/CMakeFiles/CMakeTmp'
make[1]: *** [Makefile:121: cmTC_8fa5c/fast] Error 2
make[1]: Leaving directory '/home/bjorn/Thesis/git_repo/Ichor/bin/CMakeFiles/CMakeTmp'



Performing C SOURCE FILE Test CMAKE_HAVE_LIBC_PTHREAD failed with the following output:
Change Dir: /home/bjorn/Thesis/git_repo/Ichor/bin/CMakeFiles/CMakeTmp

Run Build Command(s):/usr/bin/make cmTC_32ee2/fast && /usr/bin/make -f CMakeFiles/cmTC_32ee2.dir/build.make CMakeFiles/cmTC_32ee2.dir/build
make[1]: Entering directory '/home/bjorn/Thesis/git_repo/Ichor/bin/CMakeFiles/CMakeTmp'
Building C object CMakeFiles/cmTC_32ee2.dir/src.c.o
/usr/bin/cc   -DCMAKE_HAVE_LIBC_PTHREAD   -o CMakeFiles/cmTC_32ee2.dir/src.c.o   -c /home/bjorn/Thesis/git_repo/Ichor/bin/CMakeFiles/CMakeTmp/src.c
Linking C executable cmTC_32ee2
/usr/bin/cmake -E cmake_link_script CMakeFiles/cmTC_32ee2.dir/link.txt --verbose=1
/usr/bin/cc  -DCMAKE_HAVE_LIBC_PTHREAD  -no-pie  CMakeFiles/cmTC_32ee2.dir/src.c.o  -o cmTC_32ee2 
/usr/bin/ld: CMakeFiles/cmTC_32ee2.dir/src.c.o: in function `main':
src.c:(.text+0x46): undefined reference to `pthread_create'
/usr/bin/ld: src.c:(.text+0x52): undefined reference to `pthread_detach'
/usr/bin/ld: src.c:(.text+0x63): undefined reference to `pthread_join'
collect2: error: ld returned 1 exit status
make[1]: *** [CMakeFiles/cmTC_32ee2.dir/build.make:87: cmTC_32ee2] Error 1
make[1]: Leaving directory '/home/bjorn/Thesis/git_repo/Ichor/bin/CMakeFiles/CMakeTmp'
make: *** [Makefile:121: cmTC_32ee2/fast] Error 2


Source file was:
#include <pthread.h>

void* test_func(void* data)
{
  return data;
}

int main(void)
{
  pthread_t thread;
  pthread_create(&thread, NULL, test_func, NULL);
  pthread_detach(thread);
  pthread_join(thread, NULL);
  pthread_atfork(NULL, NULL, NULL);
  pthread_exit(NULL);

  return 0;
}

Determining if the function pthread_create exists in the pthreads failed with the following output:
Change Dir: /home/bjorn/Thesis/git_repo/Ichor/bin/CMakeFiles/CMakeTmp

Run Build Command(s):/usr/bin/make cmTC_2612a/fast && /usr/bin/make -f CMakeFiles/cmTC_2612a.dir/build.make CMakeFiles/cmTC_2612a.dir/build
make[1]: Entering directory '/home/bjorn/Thesis/git_repo/Ichor/bin/CMakeFiles/CMakeTmp'
Building C object CMakeFiles/cmTC_2612a.dir/CheckFunctionExists.c.o
/usr/bin/cc   -DCHECK_FUNCTION_EXISTS=pthread_create   -o CMakeFiles/cmTC_2612a.dir/CheckFunctionExists.c.o   -c /usr/share/cmake-3.16/Modules/CheckFunctionExists.c
Linking C executable cmTC_2612a
/usr/bin/cmake -E cmake_link_script CMakeFiles/cmTC_2612a.dir/link.txt --verbose=1
/usr/bin/cc  -DCHECK_FUNCTION_EXISTS=pthread_create  -no-pie  CMakeFiles/cmTC_2612a.dir/CheckFunctionExists.c.o  -o cmTC_2612a  -lpthreads 
/usr/bin/ld: cannot find -lpthreads
collect2: error: ld returned 1 exit status
make[1]: *** [CMakeFiles/cmTC_2612a.dir/build.make:87: cmTC_2612a] Error 1
make[1]: Leaving directory '/home/bjorn/Thesis/git_repo/Ichor/bin/CMakeFiles/CMakeTmp'
make: *** [Makefile:121: cmTC_2612a/fast] Error 2



Performing C SOURCE FILE Test CMAKE_HAVE_LIBC_PTHREAD failed with the following output:
Change Dir: /home/bjorn/Thesis/git_repo/Ichor/bin/CMakeFiles/CMakeTmp

Run Build Command(s):/usr/bin/make cmTC_41517/fast && make[1]: Entering directory '/home/bjorn/Thesis/git_repo/Ichor/bin/CMakeFiles/CMakeTmp'
/usr/bin/make -f CMakeFiles/cmTC_41517.dir/build.make CMakeFiles/cmTC_41517.dir/build
make[2]: Entering directory '/home/bjorn/Thesis/git_repo/Ichor/bin/CMakeFiles/CMakeTmp'
Building C object CMakeFiles/cmTC_41517.dir/src.c.o
/usr/bin/cc   -DCMAKE_HAVE_LIBC_PTHREAD   -o CMakeFiles/cmTC_41517.dir/src.c.o   -c /home/bjorn/Thesis/git_repo/Ichor/bin/CMakeFiles/CMakeTmp/src.c
Linking C executable cmTC_41517
/usr/bin/cmake -E cmake_link_script CMakeFiles/cmTC_41517.dir/link.txt --verbose=1
/usr/bin/cc  -DCMAKE_HAVE_LIBC_PTHREAD  -no-pie  CMakeFiles/cmTC_41517.dir/src.c.o  -o cmTC_41517 
/usr/bin/ld: CMakeFiles/cmTC_41517.dir/src.c.o: in function `main':
src.c:(.text+0x46): undefined reference to `pthread_create'
/usr/bin/ld: src.c:(.text+0x52): undefined reference to `pthread_detach'
/usr/bin/ld: src.c:(.text+0x63): undefined reference to `pthread_join'
collect2: error: ld returned 1 exit status
make[2]: *** [CMakeFiles/cmTC_41517.dir/build.make:87: cmTC_41517] Error 1
make[2]: Leaving directory '/home/bjorn/Thesis/git_repo/Ichor/bin/CMakeFiles/CMakeTmp'
make[1]: *** [Makefile:121: cmTC_41517/fast] Error 2
make[1]: Leaving directory '/home/bjorn/Thesis/git_repo/Ichor/bin/CMakeFiles/CMakeTmp'


Source file was:
#include <pthread.h>

void* test_func(void* data)
{
  return data;
}

int main(void)
{
  pthread_t thread;
  pthread_create(&thread, NULL, test_func, NULL);
  pthread_detach(thread);
  pthread_join(thread, NULL);
  pthread_atfork(NULL, NULL, NULL);
  pthread_exit(NULL);

  return 0;
}

Determining if the function pthread_create exists in the pthreads failed with the following output:
Change Dir: /home/bjorn/Thesis/git_repo/Ichor/bin/CMakeFiles/CMakeTmp

Run Build Command(s):/usr/bin/make cmTC_331de/fast && make[1]: Entering directory '/home/bjorn/Thesis/git_repo/Ichor/bin/CMakeFiles/CMakeTmp'
/usr/bin/make -f CMakeFiles/cmTC_331de.dir/build.make CMakeFiles/cmTC_331de.dir/build
make[2]: Entering directory '/home/bjorn/Thesis/git_repo/Ichor/bin/CMakeFiles/CMakeTmp'
Building C object CMakeFiles/cmTC_331de.dir/CheckFunctionExists.c.o
/usr/bin/cc   -DCHECK_FUNCTION_EXISTS=pthread_create   -o CMakeFiles/cmTC_331de.dir/CheckFunctionExists.c.o   -c /usr/share/cmake-3.16/Modules/CheckFunctionExists.c
Linking C executable cmTC_331de
/usr/bin/cmake -E cmake_link_script CMakeFiles/cmTC_331de.dir/link.txt --verbose=1
/usr/bin/cc  -DCHECK_FUNCTION_EXISTS=pthread_create  -no-pie  CMakeFiles/cmTC_331de.dir/CheckFunctionExists.c.o  -o cmTC_331de  -lpthreads 
/usr/bin/ld: cannot find -lpthreads
collect2: error: ld returned 1 exit status
make[2]: *** [CMakeFiles/cmTC_331de.dir/build.make:87: cmTC_331de] Error 1
make[2]: Leaving directory '/home/bjorn/Thesis/git_repo/Ichor/bin/CMakeFiles/CMakeTmp'
make[1]: *** [Makefile:121: cmTC_331de/fast] Error 2
make[1]: Leaving directory '/home/bjorn/Thesis/git_repo/Ichor/bin/CMakeFiles/CMakeTmp'



Performing C SOURCE FILE Test CMAKE_HAVE_LIBC_PTHREAD failed with the following output:
Change Dir: /home/bjorn/Thesis/git_repo/Ichor/bin/CMakeFiles/CMakeTmp

Run Build Command(s):/usr/bin/make cmTC_ec5dc/fast && /usr/bin/make -f CMakeFiles/cmTC_ec5dc.dir/build.make CMakeFiles/cmTC_ec5dc.dir/build
make[1]: Entering directory '/home/bjorn/Thesis/git_repo/Ichor/bin/CMakeFiles/CMakeTmp'
Building C object CMakeFiles/cmTC_ec5dc.dir/src.c.o
/usr/bin/cc   -DCMAKE_HAVE_LIBC_PTHREAD   -o CMakeFiles/cmTC_ec5dc.dir/src.c.o   -c /home/bjorn/Thesis/git_repo/Ichor/bin/CMakeFiles/CMakeTmp/src.c
Linking C executable cmTC_ec5dc
/usr/bin/cmake -E cmake_link_script CMakeFiles/cmTC_ec5dc.dir/link.txt --verbose=1
/usr/bin/cc  -DCMAKE_HAVE_LIBC_PTHREAD  -no-pie  CMakeFiles/cmTC_ec5dc.dir/src.c.o  -o cmTC_ec5dc 
/usr/bin/ld: CMakeFiles/cmTC_ec5dc.dir/src.c.o: in function `main':
src.c:(.text+0x46): undefined reference to `pthread_create'
/usr/bin/ld: src.c:(.text+0x52): undefined reference to `pthread_detach'
/usr/bin/ld: src.c:(.text+0x63): undefined reference to `pthread_join'
collect2: error: ld returned 1 exit status
make[1]: *** [CMakeFiles/cmTC_ec5dc.dir/build.make:87: cmTC_ec5dc] Error 1
make[1]: Leaving directory '/home/bjorn/Thesis/git_repo/Ichor/bin/CMakeFiles/CMakeTmp'
make: *** [Makefile:121: cmTC_ec5dc/fast] Error 2


Source file was:
#include <pthread.h>

void* test_func(void* data)
{
  return data;
}

int main(void)
{
  pthread_t thread;
  pthread_create(&thread, NULL, test_func, NULL);
  pthread_detach(thread);
  pthread_join(thread, NULL);
  pthread_atfork(NULL, NULL, NULL);
  pthread_exit(NULL);

  return 0;
}

Determining if the function pthread_create exists in the pthreads failed with the following output:
Change Dir: /home/bjorn/Thesis/git_repo/Ichor/bin/CMakeFiles/CMakeTmp

Run Build Command(s):/usr/bin/make cmTC_521be/fast && /usr/bin/make -f CMakeFiles/cmTC_521be.dir/build.make CMakeFiles/cmTC_521be.dir/build
make[1]: Entering directory '/home/bjorn/Thesis/git_repo/Ichor/bin/CMakeFiles/CMakeTmp'
Building C object CMakeFiles/cmTC_521be.dir/CheckFunctionExists.c.o
/usr/bin/cc   -DCHECK_FUNCTION_EXISTS=pthread_create   -o CMakeFiles/cmTC_521be.dir/CheckFunctionExists.c.o   -c /usr/share/cmake-3.16/Modules/CheckFunctionExists.c
Linking C executable cmTC_521be
/usr/bin/cmake -E cmake_link_script CMakeFiles/cmTC_521be.dir/link.txt --verbose=1
/usr/bin/cc  -DCHECK_FUNCTION_EXISTS=pthread_create  -no-pie  CMakeFiles/cmTC_521be.dir/CheckFunctionExists.c.o  -o cmTC_521be  -lpthreads 
/usr/bin/ld: cannot find -lpthreads
collect2: error: ld returned 1 exit status
make[1]: *** [CMakeFiles/cmTC_521be.dir/build.make:87: cmTC_521be] Error 1
make[1]: Leaving directory '/home/bjorn/Thesis/git_repo/Ichor/bin/CMakeFiles/CMakeTmp'
make: *** [Makefile:121: cmTC_521be/fast] Error 2



Performing C SOURCE FILE Test CMAKE_HAVE_LIBC_PTHREAD failed with the following output:
Change Dir: /home/bjorn/Thesis/git_repo/Ichor/bin/CMakeFiles/CMakeTmp

Run Build Command(s):/usr/bin/make cmTC_8ec42/fast && make[1]: Entering directory '/home/bjorn/Thesis/git_repo/Ichor/bin/CMakeFiles/CMakeTmp'
/usr/bin/make -f CMakeFiles/cmTC_8ec42.dir/build.make CMakeFiles/cmTC_8ec42.dir/build
make[2]: Entering directory '/home/bjorn/Thesis/git_repo/Ichor/bin/CMakeFiles/CMakeTmp'
Building C object CMakeFiles/cmTC_8ec42.dir/src.c.o
/usr/bin/cc   -DCMAKE_HAVE_LIBC_PTHREAD   -o CMakeFiles/cmTC_8ec42.dir/src.c.o   -c /home/bjorn/Thesis/git_repo/Ichor/bin/CMakeFiles/CMakeTmp/src.c
Linking C executable cmTC_8ec42
/usr/bin/cmake -E cmake_link_script CMakeFiles/cmTC_8ec42.dir/link.txt --verbose=1
/usr/bin/cc  -DCMAKE_HAVE_LIBC_PTHREAD  -no-pie  CMakeFiles/cmTC_8ec42.dir/src.c.o  -o cmTC_8ec42 
/usr/bin/ld: CMakeFiles/cmTC_8ec42.dir/src.c.o: in function `main':
src.c:(.text+0x46): undefined reference to `pthread_create'
/usr/bin/ld: src.c:(.text+0x52): undefined reference to `pthread_detach'
/usr/bin/ld: src.c:(.text+0x63): undefined reference to `pthread_join'
collect2: error: ld returned 1 exit status
make[2]: *** [CMakeFiles/cmTC_8ec42.dir/build.make:87: cmTC_8ec42] Error 1
make[2]: Leaving directory '/home/bjorn/Thesis/git_repo/Ichor/bin/CMakeFiles/CMakeTmp'
make[1]: *** [Makefile:121: cmTC_8ec42/fast] Error 2
make[1]: Leaving directory '/home/bjorn/Thesis/git_repo/Ichor/bin/CMakeFiles/CMakeTmp'


Source file was:
#include <pthread.h>

void* test_func(void* data)
{
  return data;
}

int main(void)
{
  pthread_t thread;
  pthread_create(&thread, NULL, test_func, NULL);
  pthread_detach(thread);
  pthread_join(thread, NULL);
  pthread_atfork(NULL, NULL, NULL);
  pthread_exit(NULL);

  return 0;
}

Determining if the function pthread_create exists in the pthreads failed with the following output:
Change Dir: /home/bjorn/Thesis/git_repo/Ichor/bin/CMakeFiles/CMakeTmp

Run Build Command(s):/usr/bin/make cmTC_e86c0/fast && make[1]: Entering directory '/home/bjorn/Thesis/git_repo/Ichor/bin/CMakeFiles/CMakeTmp'
/usr/bin/make -f CMakeFiles/cmTC_e86c0.dir/build.make CMakeFiles/cmTC_e86c0.dir/build
make[2]: Entering directory '/home/bjorn/Thesis/git_repo/Ichor/bin/CMakeFiles/CMakeTmp'
Building C object CMakeFiles/cmTC_e86c0.dir/CheckFunctionExists.c.o
/usr/bin/cc   -DCHECK_FUNCTION_EXISTS=pthread_create   -o CMakeFiles/cmTC_e86c0.dir/CheckFunctionExists.c.o   -c /usr/share/cmake-3.16/Modules/CheckFunctionExists.c
Linking C executable cmTC_e86c0
/usr/bin/cmake -E cmake_link_script CMakeFiles/cmTC_e86c0.dir/link.txt --verbose=1
/usr/bin/cc  -DCHECK_FUNCTION_EXISTS=pthread_create  -no-pie  CMakeFiles/cmTC_e86c0.dir/CheckFunctionExists.c.o  -o cmTC_e86c0  -lpthreads 
/usr/bin/ld: cannot find -lpthreads
collect2: error: ld returned 1 exit status
make[2]: *** [CMakeFiles/cmTC_e86c0.dir/build.make:87: cmTC_e86c0] Error 1
make[2]: Leaving directory '/home/bjorn/Thesis/git_repo/Ichor/bin/CMakeFiles/CMakeTmp'
make[1]: *** [Makefile:121: cmTC_e86c0/fast] Error 2
make[1]: Leaving directory '/home/bjorn/Thesis/git_repo/Ichor/bin/CMakeFiles/CMakeTmp'



